2018-07-19 06:17:20,148 CRIT Supervisor running as root (no user in config file)
2018-07-19 06:17:20,148 INFO Included extra file "/etc/supervisor/conf.d/supervisord.conf" during parsing
2018-07-19 06:17:20,166 INFO RPC interface 'supervisor' initialized
2018-07-19 06:17:20,167 CRIT Server 'unix_http_server' running without any HTTP authentication checking
2018-07-19 06:17:20,167 INFO supervisord started with pid 1
2018-07-19 06:17:21,172 INFO spawned: 'varnishd' with pid 15
2018-07-19 06:17:21,184 INFO spawned: 'php-fpm' with pid 16
2018-07-19 06:17:21,188 INFO spawned: 'varnish-plugins-watcher' with pid 17
2018-07-19 06:17:21,195 INFO spawned: 'nginx' with pid 18
2018-07-19 06:17:21,200 INFO spawned: 'MailHog' with pid 19
2018-07-19 06:17:21,205 INFO spawned: 'mysql' with pid 20
2018-07-19 06:17:21,208 INFO spawned: 'varnish-themes-watcher' with pid 21
2018-07-19 06:17:22,854 INFO success: varnishd entered RUNNING state, process has stayed up for > than 1 seconds (startsecs)
2018-07-19 06:17:22,855 INFO success: php-fpm entered RUNNING state, process has stayed up for > than 1 seconds (startsecs)
2018-07-19 06:17:22,855 INFO success: varnish-plugins-watcher entered RUNNING state, process has stayed up for > than 1 seconds (startsecs)
2018-07-19 06:17:22,856 INFO success: nginx entered RUNNING state, process has stayed up for > than 1 seconds (startsecs)
2018-07-19 06:17:22,856 INFO success: MailHog entered RUNNING state, process has stayed up for > than 1 seconds (startsecs)
2018-07-19 06:17:22,856 INFO success: mysql entered RUNNING state, process has stayed up for > than 1 seconds (startsecs)
2018-07-19 06:17:22,856 INFO success: varnish-themes-watcher entered RUNNING state, process has stayed up for > than 1 seconds (startsecs)
2018-07-19 21:02:25,232 WARN received SIGTERM indicating exit request
2018-07-19 21:02:25,249 INFO waiting for varnishd, php-fpm, varnish-plugins-watcher, nginx, MailHog, mysql, varnish-themes-watcher to die
2018-07-19 21:02:26,259 INFO stopped: varnish-themes-watcher (terminated by SIGTERM)
2018-07-19 21:02:26,323 INFO stopped: mysql (exit status 0)
2018-07-19 21:02:26,353 INFO stopped: MailHog (terminated by SIGTERM)
2018-07-19 21:02:26,430 INFO stopped: nginx (exit status 0)
2018-07-19 21:02:27,434 INFO stopped: varnish-plugins-watcher (terminated by SIGTERM)
2018-07-19 21:02:27,512 INFO reaped unknown pid 27
2018-07-19 21:02:27,606 INFO stopped: php-fpm (exit status 0)
2018-07-19 21:02:29,014 INFO stopped: varnishd (exit status 0)
2018-07-20 08:04:05,711 CRIT Supervisor running as root (no user in config file)
2018-07-20 08:04:05,712 INFO Included extra file "/etc/supervisor/conf.d/supervisord.conf" during parsing
2018-07-20 08:04:05,745 INFO RPC interface 'supervisor' initialized
2018-07-20 08:04:05,749 CRIT Server 'unix_http_server' running without any HTTP authentication checking
2018-07-20 08:04:05,749 INFO supervisord started with pid 1
2018-07-20 08:04:06,752 INFO spawned: 'varnishd' with pid 33
2018-07-20 08:04:06,758 INFO spawned: 'php-fpm' with pid 34
2018-07-20 08:04:06,761 INFO spawned: 'varnish-plugins-watcher' with pid 35
2018-07-20 08:04:06,775 INFO spawned: 'nginx' with pid 36
2018-07-20 08:04:06,784 INFO spawned: 'MailHog' with pid 37
2018-07-20 08:04:06,798 INFO spawned: 'mysql' with pid 38
2018-07-20 08:04:06,805 INFO spawned: 'varnish-themes-watcher' with pid 39
2018-07-20 08:04:08,216 INFO success: varnishd entered RUNNING state, process has stayed up for > than 1 seconds (startsecs)
2018-07-20 08:04:08,217 INFO success: php-fpm entered RUNNING state, process has stayed up for > than 1 seconds (startsecs)
2018-07-20 08:04:08,217 INFO success: varnish-plugins-watcher entered RUNNING state, process has stayed up for > than 1 seconds (startsecs)
2018-07-20 08:04:08,217 INFO success: nginx entered RUNNING state, process has stayed up for > than 1 seconds (startsecs)
2018-07-20 08:04:08,218 INFO success: MailHog entered RUNNING state, process has stayed up for > than 1 seconds (startsecs)
2018-07-20 08:04:08,219 INFO success: mysql entered RUNNING state, process has stayed up for > than 1 seconds (startsecs)
2018-07-20 08:04:08,219 INFO success: varnish-themes-watcher entered RUNNING state, process has stayed up for > than 1 seconds (startsecs)
2018-07-21 15:08:25,945 WARN received SIGTERM indicating exit request
2018-07-21 15:08:25,952 INFO waiting for varnishd, php-fpm, varnish-plugins-watcher, nginx, MailHog, mysql, varnish-themes-watcher to die
2018-07-21 15:08:26,958 INFO stopped: varnish-themes-watcher (terminated by SIGTERM)
2018-07-21 15:08:27,001 INFO stopped: mysql (exit status 0)
2018-07-21 15:08:27,004 INFO stopped: MailHog (terminated by SIGTERM)
2018-07-21 15:08:27,042 INFO stopped: nginx (exit status 0)
2018-07-21 15:08:28,075 INFO stopped: varnish-plugins-watcher (terminated by SIGTERM)
2018-07-21 15:08:28,210 INFO stopped: php-fpm (exit status 0)
2018-07-21 15:08:29,225 INFO waiting for varnishd to die
2018-07-21 15:08:29,326 INFO stopped: varnishd (exit status 0)
